2016-02-27 20:14:16 INFO  ControllerImpl:30 - Start program
2016-02-27 20:14:16 INFO  ModelImpl:27 - readTaskListFromFile
2016-02-27 20:14:54 INFO  ModelImpl:69 - createTask
2016-02-27 20:14:54 INFO  ControllerImpl:203 - addUnrepeatedTask (false)
2016-02-27 20:18:18 INFO  ControllerImpl:30 - Start program
2016-02-27 20:18:18 INFO  ModelImpl:27 - readTaskListFromFile
2016-02-27 20:19:00 INFO  ModelImpl:69 - createTask
2016-02-27 20:19:00 INFO  ControllerImpl:203 - addUnrepeatedTask (false)
2016-02-27 20:19:06 INFO  ModelImpl:51 - saveTaskList
2016-02-27 20:19:06 INFO  ControllerImpl:180 - saveToFile (false)
2016-02-27 20:19:14 INFO  ControllerImpl:30 - Start program
2016-02-27 20:19:14 INFO  ModelImpl:27 - readTaskListFromFile
2016-02-27 20:24:15 INFO  ControllerImpl:30 - Start program
2016-02-27 20:24:15 INFO  ModelImpl:29 - readTaskListFromFile
2016-02-27 20:25:14 INFO  ModelImpl:71 - createTask
2016-02-27 20:25:14 INFO  ControllerImpl:192 - addRepeatedTask (false)
2016-02-27 20:25:27 INFO  ModelImpl:53 - saveTaskList
2016-02-27 20:25:27 INFO  ControllerImpl:180 - saveToFile (false)
2016-02-27 20:41:29 INFO  ControllerImpl:30 - Start program
2016-02-27 20:41:29 INFO  ModelImpl:29 - readTaskListFromFile
